# JRE version: OpenJDK Runtime Environment (8.0_212-b04) (build 1.8.0_212-release-1586-b04)
# Java VM: OpenJDK 64-Bit Server VM (25.212-b04 mixed mode windows-amd64 compressed oops)
Heap:
 PSYoungGen      total 81408K, used 79422K [0x00000000d6780000, 0x00000000dde00000, 0x0000000100000000)
  eden space 65536K, 100% used [0x00000000d6780000,0x00000000da780000,0x00000000da780000)
  from space 15872K, 87% used [0x00000000da780000,0x00000000db50fa50,0x00000000db700000)
  to   space 16896K, 0% used [0x00000000dcd80000,0x00000000dcd80000,0x00000000dde00000)
 ParOldGen       total 67072K, used 24594K [0x0000000083600000, 0x0000000087780000, 0x00000000d6780000)
  object space 67072K, 36% used [0x0000000083600000,0x0000000084e04820,0x0000000087780000)
 Metaspace       used 47487K, capacity 48304K, committed 48640K, reserved 1091584K
  class space    used 5931K, capacity 6137K, committed 6144K, reserved 1048576K
GC Heap History (10 events):
Event: 5.294 GC heap before
{Heap before GC invocations=5 (full 1):
 PSYoungGen      total 37888K, used 32768K [0x00000000d6780000, 0x00000000db180000, 0x0000000100000000)
  eden space 32768K, 100% used [0x00000000d6780000,0x00000000d8780000,0x00000000d8780000)
  from space 5120K, 0% used [0x00000000d8780000,0x00000000d8780000,0x00000000d8c80000)
  to   space 5120K, 0% used [0x00000000dac80000,0x00000000dac80000,0x00000000db180000)
 ParOldGen       total 67072K, used 9647K [0x0000000083600000, 0x0000000087780000, 0x00000000d6780000)
  object space 67072K, 14% used [0x0000000083600000,0x0000000083f6bcf0,0x0000000087780000)
 Metaspace       used 24380K, capacity 24980K, committed 25088K, reserved 1071104K
  class space    used 2916K, capacity 3060K, committed 3072K, reserved 1048576K
Event: 5.305 GC heap after
Heap after GC invocations=5 (full 1):
 PSYoungGen      total 51712K, used 5119K [0x00000000d6780000, 0x00000000db180000, 0x0000000100000000)
  eden space 46592K, 0% used [0x00000000d6780000,0x00000000d6780000,0x00000000d9500000)
  from space 5120K, 99% used [0x00000000dac80000,0x00000000db17fc38,0x00000000db180000)
  to   space 5120K, 0% used [0x00000000da780000,0x00000000da780000,0x00000000dac80000)
 ParOldGen       total 67072K, used 11762K [0x0000000083600000, 0x0000000087780000, 0x00000000d6780000)
  object space 67072K, 17% used [0x0000000083600000,0x000000008417c958,0x0000000087780000)
 Metaspace       used 24380K, capacity 24980K, committed 25088K, reserved 1071104K
  class space    used 2916K, capacity 3060K, committed 3072K, reserved 1048576K
}
Event: 6.928 GC heap before
{Heap before GC invocations=6 (full 1):
 PSYoungGen      total 51712K, used 51711K [0x00000000d6780000, 0x00000000db180000, 0x0000000100000000)
  eden space 46592K, 100% used [0x00000000d6780000,0x00000000d9500000,0x00000000d9500000)
  from space 5120K, 99% used [0x00000000dac80000,0x00000000db17fc38,0x00000000db180000)
  to   space 5120K, 0% used [0x00000000da780000,0x00000000da780000,0x00000000dac80000)
 ParOldGen       total 67072K, used 11762K [0x0000000083600000, 0x0000000087780000, 0x00000000d6780000)
  object space 67072K, 17% used [0x0000000083600000,0x000000008417c958,0x0000000087780000)
 Metaspace       used 32407K, capacity 32928K, committed 33280K, reserved 1079296K
  class space    used 4092K, capacity 4251K, committed 4352K, reserved 1048576K
Event: 6.947 GC heap after
Heap after GC invocations=6 (full 1):
 PSYoungGen      total 70656K, used 5090K [0x00000000d6780000, 0x00000000dc680000, 0x0000000100000000)
  eden space 65536K, 0% used [0x00000000d6780000,0x00000000d6780000,0x00000000da780000)
  from space 5120K, 99% used [0x00000000da780000,0x00000000dac78918,0x00000000dac80000)
  to   space 15872K, 0% used [0x00000000db700000,0x00000000db700000,0x00000000dc680000)
 ParOldGen       total 67072K, used 23047K [0x0000000083600000, 0x0000000087780000, 0x00000000d6780000)
  object space 67072K, 34% used [0x0000000083600000,0x0000000084c81fb0,0x0000000087780000)
 Metaspace       used 32407K, capacity 32928K, committed 33280K, reserved 1079296K
  class space    used 4092K, capacity 4251K, committed 4352K, reserved 1048576K
}
Event: 7.393 GC heap before
{Heap before GC invocations=7 (full 1):
 PSYoungGen      total 70656K, used 14308K [0x00000000d6780000, 0x00000000dc680000, 0x0000000100000000)
  eden space 65536K, 14% used [0x00000000d6780000,0x00000000d7080738,0x00000000da780000)
  from space 5120K, 99% used [0x00000000da780000,0x00000000dac78918,0x00000000dac80000)
  to   space 15872K, 0% used [0x00000000db700000,0x00000000db700000,0x00000000dc680000)
 ParOldGen       total 67072K, used 23047K [0x0000000083600000, 0x0000000087780000, 0x00000000d6780000)
  object space 67072K, 34% used [0x0000000083600000,0x0000000084c81fb0,0x0000000087780000)
 Metaspace       used 34663K, capacity 35286K, committed 35416K, reserved 1081344K
  class space    used 4414K, capacity 4584K, committed 4608K, reserved 1048576K
Event: 7.406 GC heap after
Heap after GC invocations=7 (full 1):
 PSYoungGen      total 81408K, used 7868K [0x00000000d6780000, 0x00000000de480000, 0x0000000100000000)
  eden space 65536K, 0% used [0x00000000d6780000,0x00000000d6780000,0x00000000da780000)
  from space 15872K, 49% used [0x00000000db700000,0x00000000dbeaf318,0x00000000dc680000)
  to   space 15872K, 0% used [0x00000000da780000,0x00000000da780000,0x00000000db700000)
 ParOldGen       total 67072K, used 23055K [0x0000000083600000, 0x0000000087780000, 0x00000000d6780000)
  object space 67072K, 34% used [0x0000000083600000,0x0000000084c83fb0,0x0000000087780000)
 Metaspace       used 34663K, capacity 35286K, committed 35416K, reserved 1081344K
  class space    used 4414K, capacity 4584K, committed 4608K, reserved 1048576K
}
Event: 7.406 GC heap before
{Heap before GC invocations=8 (full 2):
 PSYoungGen      total 81408K, used 7868K [0x00000000d6780000, 0x00000000de480000, 0x0000000100000000)
  eden space 65536K, 0% used [0x00000000d6780000,0x00000000d6780000,0x00000000da780000)
  from space 15872K, 49% used [0x00000000db700000,0x00000000dbeaf318,0x00000000dc680000)
  to   space 15872K, 0% used [0x00000000da780000,0x00000000da780000,0x00000000db700000)
 ParOldGen       total 67072K, used 23055K [0x0000000083600000, 0x0000000087780000, 0x00000000d6780000)
  object space 67072K, 34% used [0x0000000083600000,0x0000000084c83fb0,0x0000000087780000)
 Metaspace       used 34663K, capacity 35286K, committed 35416K, reserved 1081344K
  class space    used 4414K, capacity 4584K, committed 4608K, reserved 1048576K
Event: 7.553 GC heap after
Heap after GC invocations=8 (full 2):
 PSYoungGen      total 81408K, used 0K [0x00000000d6780000, 0x00000000de480000, 0x0000000100000000)
  eden space 65536K, 0% used [0x00000000d6780000,0x00000000d6780000,0x00000000da780000)
  from space 15872K, 0% used [0x00000000db700000,0x00000000db700000,0x00000000dc680000)
  to   space 15872K, 0% used [0x00000000da780000,0x00000000da780000,0x00000000db700000)
 ParOldGen       total 67072K, used 24586K [0x0000000083600000, 0x0000000087780000, 0x00000000d6780000)
  object space 67072K, 36% used [0x0000000083600000,0x0000000084e02820,0x0000000087780000)
 Metaspace       used 34663K, capacity 35286K, committed 35416K, reserved 1081344K
  class space    used 4414K, capacity 4584K, committed 4608K, reserved 1048576K
}
Event: 10.046 GC heap before
{Heap before GC invocations=9 (full 2):
 PSYoungGen      total 81408K, used 65536K [0x00000000d6780000, 0x00000000de480000, 0x0000000100000000)
  eden space 65536K, 100% used [0x00000000d6780000,0x00000000da780000,0x00000000da780000)
  from space 15872K, 0% used [0x00000000db700000,0x00000000db700000,0x00000000dc680000)
  to   space 15872K, 0% used [0x00000000da780000,0x00000000da780000,0x00000000db700000)
 ParOldGen       total 67072K, used 24586K [0x0000000083600000, 0x0000000087780000, 0x00000000d6780000)
  object space 67072K, 36% used [0x0000000083600000,0x0000000084e02820,0x0000000087780000)
 Metaspace       used 43577K, capacity 44368K, committed 44800K, reserved 1087488K
  class space    used 5600K, capacity 5795K, committed 5888K, reserved 1048576K
Event: 10.065 GC heap after
Heap after GC invocations=9 (full 2):
 PSYoungGen      total 81408K, used 13886K [0x00000000d6780000, 0x00000000dde00000, 0x0000000100000000)
  eden space 65536K, 0% used [0x00000000d6780000,0x00000000d6780000,0x00000000da780000)
  from space 15872K, 87% used [0x00000000da780000,0x00000000db50fa50,0x00000000db700000)
  to   space 16896K, 0% used [0x00000000dcd80000,0x00000000dcd80000,0x00000000dde00000)
 ParOldGen       total 67072K, used 24594K [0x0000000083600000, 0x0000000087780000, 0x00000000d6780000)
  object space 67072K, 36% used [0x0000000083600000,0x0000000084e04820,0x0000000087780000)
 Metaspace       used 43577K, capacity 44368K, committed 44800K, reserved 1087488K
  class space    used 5600K, capacity 5795K, committed 5888K, reserved 1048576K
}

