# JRE version: OpenJDK Runtime Environment (8.0_212-b04) (build 1.8.0_212-release-1586-b04)
# Java VM: OpenJDK 64-Bit Server VM (25.212-b04 mixed mode windows-amd64 compressed oops)
Heap:
 PSYoungGen      total 80384K, used 67144K [0x00000000d6780000, 0x00000000ddc00000, 0x0000000100000000)
  eden space 65024K, 81% used [0x00000000d6780000,0x00000000d9b4e088,0x00000000da700000)
  from space 15360K, 91% used [0x00000000da700000,0x00000000db4c42f0,0x00000000db600000)
  to   space 16896K, 0% used [0x00000000dcb80000,0x00000000dcb80000,0x00000000ddc00000)
 ParOldGen       total 115200K, used 17461K [0x0000000083600000, 0x000000008a680000, 0x00000000d6780000)
  object space 115200K, 15% used [0x0000000083600000,0x000000008470d530,0x000000008a680000)
 Metaspace       used 45734K, capacity 46524K, committed 46640K, reserved 1089536K
  class space    used 5706K, capacity 5907K, committed 5936K, reserved 1048576K
GC Heap History (10 events):
Event: 5.282 GC heap before
{Heap before GC invocations=5 (full 1):
 PSYoungGen      total 37888K, used 32768K [0x00000000d6780000, 0x00000000db180000, 0x0000000100000000)
  eden space 32768K, 100% used [0x00000000d6780000,0x00000000d8780000,0x00000000d8780000)
  from space 5120K, 0% used [0x00000000d8780000,0x00000000d8780000,0x00000000d8c80000)
  to   space 5120K, 0% used [0x00000000dac80000,0x00000000dac80000,0x00000000db180000)
 ParOldGen       total 67584K, used 9603K [0x0000000083600000, 0x0000000087800000, 0x00000000d6780000)
  object space 67584K, 14% used [0x0000000083600000,0x0000000083f60e48,0x0000000087800000)
 Metaspace       used 24407K, capacity 25012K, committed 25136K, reserved 1071104K
  class space    used 2925K, capacity 3092K, committed 3120K, reserved 1048576K
Event: 5.293 GC heap after
Heap after GC invocations=5 (full 1):
 PSYoungGen      total 50688K, used 5090K [0x00000000d6780000, 0x00000000db180000, 0x0000000100000000)
  eden space 45568K, 0% used [0x00000000d6780000,0x00000000d6780000,0x00000000d9400000)
  from space 5120K, 99% used [0x00000000dac80000,0x00000000db1789d8,0x00000000db180000)
  to   space 5120K, 0% used [0x00000000da780000,0x00000000da780000,0x00000000dac80000)
 ParOldGen       total 67584K, used 11734K [0x0000000083600000, 0x0000000087800000, 0x00000000d6780000)
  object space 67584K, 17% used [0x0000000083600000,0x0000000084175a10,0x0000000087800000)
 Metaspace       used 24407K, capacity 25012K, committed 25136K, reserved 1071104K
  class space    used 2925K, capacity 3092K, committed 3120K, reserved 1048576K
}
Event: 6.803 GC heap before
{Heap before GC invocations=6 (full 1):
 PSYoungGen      total 50688K, used 50658K [0x00000000d6780000, 0x00000000db180000, 0x0000000100000000)
  eden space 45568K, 100% used [0x00000000d6780000,0x00000000d9400000,0x00000000d9400000)
  from space 5120K, 99% used [0x00000000dac80000,0x00000000db1789d8,0x00000000db180000)
  to   space 5120K, 0% used [0x00000000da780000,0x00000000da780000,0x00000000dac80000)
 ParOldGen       total 67584K, used 11734K [0x0000000083600000, 0x0000000087800000, 0x00000000d6780000)
  object space 67584K, 17% used [0x0000000083600000,0x0000000084175a10,0x0000000087800000)
 Metaspace       used 31730K, capacity 32287K, committed 32432K, reserved 1077248K
  class space    used 4029K, capacity 4187K, committed 4272K, reserved 1048576K
Event: 6.831 GC heap after
Heap after GC invocations=6 (full 1):
 PSYoungGen      total 69632K, used 5090K [0x00000000d6780000, 0x00000000dc580000, 0x0000000100000000)
  eden space 64512K, 0% used [0x00000000d6780000,0x00000000d6780000,0x00000000da680000)
  from space 5120K, 99% used [0x00000000da780000,0x00000000dac78918,0x00000000dac80000)
  to   space 15872K, 0% used [0x00000000db600000,0x00000000db600000,0x00000000dc580000)
 ParOldGen       total 67584K, used 22845K [0x0000000083600000, 0x0000000087800000, 0x00000000d6780000)
  object space 67584K, 33% used [0x0000000083600000,0x0000000084c4f490,0x0000000087800000)
 Metaspace       used 31730K, capacity 32287K, committed 32432K, reserved 1077248K
  class space    used 4029K, capacity 4187K, committed 4272K, reserved 1048576K
}
Event: 7.502 GC heap before
{Heap before GC invocations=7 (full 1):
 PSYoungGen      total 69632K, used 19258K [0x00000000d6780000, 0x00000000dc580000, 0x0000000100000000)
  eden space 64512K, 21% used [0x00000000d6780000,0x00000000d75560b8,0x00000000da680000)
  from space 5120K, 99% used [0x00000000da780000,0x00000000dac78918,0x00000000dac80000)
  to   space 15872K, 0% used [0x00000000db600000,0x00000000db600000,0x00000000dc580000)
 ParOldGen       total 67584K, used 22845K [0x0000000083600000, 0x0000000087800000, 0x00000000d6780000)
  object space 67584K, 33% used [0x0000000083600000,0x0000000084c4f490,0x0000000087800000)
 Metaspace       used 34753K, capacity 35282K, committed 35496K, reserved 1081344K
  class space    used 4428K, capacity 4582K, committed 4656K, reserved 1048576K
Event: 7.521 GC heap after
Heap after GC invocations=7 (full 1):
 PSYoungGen      total 80896K, used 9009K [0x00000000d6780000, 0x00000000de200000, 0x0000000100000000)
  eden space 65024K, 0% used [0x00000000d6780000,0x00000000d6780000,0x00000000da700000)
  from space 15872K, 56% used [0x00000000db600000,0x00000000dbecc400,0x00000000dc580000)
  to   space 15360K, 0% used [0x00000000da700000,0x00000000da700000,0x00000000db600000)
 ParOldGen       total 67584K, used 22853K [0x0000000083600000, 0x0000000087800000, 0x00000000d6780000)
  object space 67584K, 33% used [0x0000000083600000,0x0000000084c51490,0x0000000087800000)
 Metaspace       used 34753K, capacity 35282K, committed 35496K, reserved 1081344K
  class space    used 4428K, capacity 4582K, committed 4656K, reserved 1048576K
}
Event: 7.521 GC heap before
{Heap before GC invocations=8 (full 2):
 PSYoungGen      total 80896K, used 9009K [0x00000000d6780000, 0x00000000de200000, 0x0000000100000000)
  eden space 65024K, 0% used [0x00000000d6780000,0x00000000d6780000,0x00000000da700000)
  from space 15872K, 56% used [0x00000000db600000,0x00000000dbecc400,0x00000000dc580000)
  to   space 15360K, 0% used [0x00000000da700000,0x00000000da700000,0x00000000db600000)
 ParOldGen       total 67584K, used 22853K [0x0000000083600000, 0x0000000087800000, 0x00000000d6780000)
  object space 67584K, 33% used [0x0000000083600000,0x0000000084c51490,0x0000000087800000)
 Metaspace       used 34753K, capacity 35282K, committed 35496K, reserved 1081344K
  class space    used 4428K, capacity 4582K, committed 4656K, reserved 1048576K
Event: 7.702 GC heap after
Heap after GC invocations=8 (full 2):
 PSYoungGen      total 80896K, used 0K [0x00000000d6780000, 0x00000000de200000, 0x0000000100000000)
  eden space 65024K, 0% used [0x00000000d6780000,0x00000000d6780000,0x00000000da700000)
  from space 15872K, 0% used [0x00000000db600000,0x00000000db600000,0x00000000dc580000)
  to   space 15360K, 0% used [0x00000000da700000,0x00000000da700000,0x00000000db600000)
 ParOldGen       total 115200K, used 17453K [0x0000000083600000, 0x000000008a680000, 0x00000000d6780000)
  object space 115200K, 15% used [0x0000000083600000,0x000000008470b530,0x000000008a680000)
 Metaspace       used 34753K, capacity 35282K, committed 35496K, reserved 1081344K
  class space    used 4428K, capacity 4582K, committed 4656K, reserved 1048576K
}
Event: 10.383 GC heap before
{Heap before GC invocations=9 (full 2):
 PSYoungGen      total 80896K, used 65024K [0x00000000d6780000, 0x00000000de200000, 0x0000000100000000)
  eden space 65024K, 100% used [0x00000000d6780000,0x00000000da700000,0x00000000da700000)
  from space 15872K, 0% used [0x00000000db600000,0x00000000db600000,0x00000000dc580000)
  to   space 15360K, 0% used [0x00000000da700000,0x00000000da700000,0x00000000db600000)
 ParOldGen       total 115200K, used 17453K [0x0000000083600000, 0x000000008a680000, 0x00000000d6780000)
  object space 115200K, 15% used [0x0000000083600000,0x000000008470b530,0x000000008a680000)
 Metaspace       used 42649K, capacity 43448K, committed 43696K, reserved 1087488K
  class space    used 5467K, capacity 5689K, committed 5808K, reserved 1048576K
Event: 10.404 GC heap after
Heap after GC invocations=9 (full 2):
 PSYoungGen      total 80384K, used 14096K [0x00000000d6780000, 0x00000000ddc00000, 0x0000000100000000)
  eden space 65024K, 0% used [0x00000000d6780000,0x00000000d6780000,0x00000000da700000)
  from space 15360K, 91% used [0x00000000da700000,0x00000000db4c42f0,0x00000000db600000)
  to   space 16896K, 0% used [0x00000000dcb80000,0x00000000dcb80000,0x00000000ddc00000)
 ParOldGen       total 115200K, used 17461K [0x0000000083600000, 0x000000008a680000, 0x00000000d6780000)
  object space 115200K, 15% used [0x0000000083600000,0x000000008470d530,0x000000008a680000)
 Metaspace       used 42649K, capacity 43448K, committed 43696K, reserved 1087488K
  class space    used 5467K, capacity 5689K, committed 5808K, reserved 1048576K
}

