# JRE version: OpenJDK Runtime Environment (8.0_212-b04) (build 1.8.0_212-release-1586-b04)
# Java VM: OpenJDK 64-Bit Server VM (25.212-b04 mixed mode windows-amd64 compressed oops)
Heap:
 PSYoungGen      total 465408K, used 277541K [0x00000000e0000000, 0x00000000ffa80000, 0x0000000100000000)
  eden space 408576K, 63% used [0x00000000e0000000,0x00000000efdb27d0,0x00000000f8f00000)
  from space 56832K, 33% used [0x00000000f8f00000,0x00000000fa185118,0x00000000fc680000)
  to   space 53248K, 0% used [0x00000000fc680000,0x00000000fc680000,0x00000000ffa80000)
 ParOldGen       total 292864K, used 197920K [0x00000000a0000000, 0x00000000b1e00000, 0x00000000e0000000)
  object space 292864K, 67% used [0x00000000a0000000,0x00000000ac148080,0x00000000b1e00000)
 Metaspace       used 136982K, capacity 144320K, committed 144664K, reserved 1175552K
  class space    used 16787K, capacity 18181K, committed 18224K, reserved 1048576K
GC Heap History (10 events):
Event: 2414.084 GC heap before
{Heap before GC invocations=70 (full 7):
 PSYoungGen      total 451584K, used 444008K [0x00000000e0000000, 0x0000000100000000, 0x0000000100000000)
  eden space 394240K, 100% used [0x00000000e0000000,0x00000000f8100000,0x00000000f8100000)
  from space 57344K, 86% used [0x00000000fc800000,0x00000000ff89a180,0x0000000100000000)
  to   space 65024K, 0% used [0x00000000f8100000,0x00000000f8100000,0x00000000fc080000)
 ParOldGen       total 292864K, used 158690K [0x00000000a0000000, 0x00000000b1e00000, 0x00000000e0000000)
  object space 292864K, 54% used [0x00000000a0000000,0x00000000a9af89e8,0x00000000b1e00000)
 Metaspace       used 136870K, capacity 144154K, committed 144408K, reserved 1175552K
  class space    used 16775K, capacity 18174K, committed 18224K, reserved 1048576K
Event: 2414.117 GC heap after
Heap after GC invocations=70 (full 7):
 PSYoungGen      total 459264K, used 20682K [0x00000000e0000000, 0x00000000fff80000, 0x0000000100000000)
  eden space 394240K, 0% used [0x00000000e0000000,0x00000000e0000000,0x00000000f8100000)
  from space 65024K, 31% used [0x00000000f8100000,0x00000000f9532ae0,0x00000000fc080000)
  to   space 60928K, 0% used [0x00000000fc400000,0x00000000fc400000,0x00000000fff80000)
 ParOldGen       total 292864K, used 165703K [0x00000000a0000000, 0x00000000b1e00000, 0x00000000e0000000)
  object space 292864K, 56% used [0x00000000a0000000,0x00000000aa1d1f10,0x00000000b1e00000)
 Metaspace       used 136870K, capacity 144154K, committed 144408K, reserved 1175552K
  class space    used 16775K, capacity 18174K, committed 18224K, reserved 1048576K
}
Event: 2415.508 GC heap before
{Heap before GC invocations=71 (full 7):
 PSYoungGen      total 459264K, used 414922K [0x00000000e0000000, 0x00000000fff80000, 0x0000000100000000)
  eden space 394240K, 100% used [0x00000000e0000000,0x00000000f8100000,0x00000000f8100000)
  from space 65024K, 31% used [0x00000000f8100000,0x00000000f9532ae0,0x00000000fc080000)
  to   space 60928K, 0% used [0x00000000fc400000,0x00000000fc400000,0x00000000fff80000)
 ParOldGen       total 292864K, used 165703K [0x00000000a0000000, 0x00000000b1e00000, 0x00000000e0000000)
  object space 292864K, 56% used [0x00000000a0000000,0x00000000aa1d1f10,0x00000000b1e00000)
 Metaspace       used 136875K, capacity 144154K, committed 144408K, reserved 1175552K
  class space    used 16775K, capacity 18174K, committed 18224K, reserved 1048576K
Event: 2415.557 GC heap after
Heap after GC invocations=71 (full 7):
 PSYoungGen      total 450560K, used 13928K [0x00000000e0000000, 0x00000000ff700000, 0x0000000100000000)
  eden space 398336K, 0% used [0x00000000e0000000,0x00000000e0000000,0x00000000f8500000)
  from space 52224K, 26% used [0x00000000fc400000,0x00000000fd19a3c0,0x00000000ff700000)
  to   space 58368K, 0% used [0x00000000f8500000,0x00000000f8500000,0x00000000fbe00000)
 ParOldGen       total 292864K, used 183421K [0x00000000a0000000, 0x00000000b1e00000, 0x00000000e0000000)
  object space 292864K, 62% used [0x00000000a0000000,0x00000000ab31f408,0x00000000b1e00000)
 Metaspace       used 136875K, capacity 144154K, committed 144408K, reserved 1175552K
  class space    used 16775K, capacity 18174K, committed 18224K, reserved 1048576K
}
Event: 2419.219 GC heap before
{Heap before GC invocations=72 (full 7):
 PSYoungGen      total 450560K, used 412264K [0x00000000e0000000, 0x00000000ff700000, 0x0000000100000000)
  eden space 398336K, 100% used [0x00000000e0000000,0x00000000f8500000,0x00000000f8500000)
  from space 52224K, 26% used [0x00000000fc400000,0x00000000fd19a3c0,0x00000000ff700000)
  to   space 58368K, 0% used [0x00000000f8500000,0x00000000f8500000,0x00000000fbe00000)
 ParOldGen       total 292864K, used 183421K [0x00000000a0000000, 0x00000000b1e00000, 0x00000000e0000000)
  object space 292864K, 62% used [0x00000000a0000000,0x00000000ab31f408,0x00000000b1e00000)
 Metaspace       used 136880K, capacity 144154K, committed 144408K, reserved 1175552K
  class space    used 16775K, capacity 18174K, committed 18224K, reserved 1048576K
Event: 2419.292 GC heap after
Heap after GC invocations=72 (full 7):
 PSYoungGen      total 456704K, used 4155K [0x00000000e0000000, 0x0000000100000000, 0x0000000100000000)
  eden space 398336K, 0% used [0x00000000e0000000,0x00000000e0000000,0x00000000f8500000)
  from space 58368K, 7% used [0x00000000f8500000,0x00000000f890eec0,0x00000000fbe00000)
  to   space 57344K, 0% used [0x00000000fc800000,0x00000000fc800000,0x0000000100000000)
 ParOldGen       total 292864K, used 193844K [0x00000000a0000000, 0x00000000b1e00000, 0x00000000e0000000)
  object space 292864K, 66% used [0x00000000a0000000,0x00000000abd4d3a8,0x00000000b1e00000)
 Metaspace       used 136880K, capacity 144154K, committed 144408K, reserved 1175552K
  class space    used 16775K, capacity 18174K, committed 18224K, reserved 1048576K
}
Event: 2422.915 GC heap before
{Heap before GC invocations=73 (full 7):
 PSYoungGen      total 456704K, used 402491K [0x00000000e0000000, 0x0000000100000000, 0x0000000100000000)
  eden space 398336K, 100% used [0x00000000e0000000,0x00000000f8500000,0x00000000f8500000)
  from space 58368K, 7% used [0x00000000f8500000,0x00000000f890eec0,0x00000000fbe00000)
  to   space 57344K, 0% used [0x00000000fc800000,0x00000000fc800000,0x0000000100000000)
 ParOldGen       total 292864K, used 193844K [0x00000000a0000000, 0x00000000b1e00000, 0x00000000e0000000)
  object space 292864K, 66% used [0x00000000a0000000,0x00000000abd4d3a8,0x00000000b1e00000)
 Metaspace       used 136880K, capacity 144154K, committed 144408K, reserved 1175552K
  class space    used 16775K, capacity 18174K, committed 18224K, reserved 1048576K
Event: 2422.942 GC heap after
Heap after GC invocations=73 (full 7):
 PSYoungGen      total 463872K, used 1312K [0x00000000e0000000, 0x00000000ffe00000, 0x0000000100000000)
  eden space 408576K, 0% used [0x00000000e0000000,0x00000000e0000000,0x00000000f8f00000)
  from space 55296K, 2% used [0x00000000fc800000,0x00000000fc948000,0x00000000ffe00000)
  to   space 56832K, 0% used [0x00000000f8f00000,0x00000000f8f00000,0x00000000fc680000)
 ParOldGen       total 292864K, used 197712K [0x00000000a0000000, 0x00000000b1e00000, 0x00000000e0000000)
  object space 292864K, 67% used [0x00000000a0000000,0x00000000ac114050,0x00000000b1e00000)
 Metaspace       used 136880K, capacity 144154K, committed 144408K, reserved 1175552K
  class space    used 16775K, capacity 18174K, committed 18224K, reserved 1048576K
}
Event: 2433.099 GC heap before
{Heap before GC invocations=74 (full 7):
 PSYoungGen      total 463872K, used 409888K [0x00000000e0000000, 0x00000000ffe00000, 0x0000000100000000)
  eden space 408576K, 100% used [0x00000000e0000000,0x00000000f8f00000,0x00000000f8f00000)
  from space 55296K, 2% used [0x00000000fc800000,0x00000000fc948000,0x00000000ffe00000)
  to   space 56832K, 0% used [0x00000000f8f00000,0x00000000f8f00000,0x00000000fc680000)
 ParOldGen       total 292864K, used 197712K [0x00000000a0000000, 0x00000000b1e00000, 0x00000000e0000000)
  object space 292864K, 67% used [0x00000000a0000000,0x00000000ac114050,0x00000000b1e00000)
 Metaspace       used 136945K, capacity 144236K, committed 144408K, reserved 1175552K
  class space    used 16784K, capacity 18177K, committed 18224K, reserved 1048576K
Event: 2433.139 GC heap after
Heap after GC invocations=74 (full 7):
 PSYoungGen      total 465408K, used 18964K [0x00000000e0000000, 0x00000000ffa80000, 0x0000000100000000)
  eden space 408576K, 0% used [0x00000000e0000000,0x00000000e0000000,0x00000000f8f00000)
  from space 56832K, 33% used [0x00000000f8f00000,0x00000000fa185118,0x00000000fc680000)
  to   space 53248K, 0% used [0x00000000fc680000,0x00000000fc680000,0x00000000ffa80000)
 ParOldGen       total 292864K, used 197920K [0x00000000a0000000, 0x00000000b1e00000, 0x00000000e0000000)
  object space 292864K, 67% used [0x00000000a0000000,0x00000000ac148080,0x00000000b1e00000)
 Metaspace       used 136945K, capacity 144236K, committed 144408K, reserved 1175552K
  class space    used 16784K, capacity 18177K, committed 18224K, reserved 1048576K
}

